2024-08-14 11:32:33,522 DEBUG Main: Создание Horse, имя [Bucephalus], скорость [2.4]
2024-08-14 11:32:33,528 DEBUG Main: Создание Horse, имя [Ace of Spades], скорость [2.5]
2024-08-14 11:32:33,528 DEBUG Main: Создание Horse, имя [Zephyr], скорость [2.6]
2024-08-14 11:32:33,528 DEBUG Main: Создание Horse, имя [Blaze], скорость [2.7]
2024-08-14 11:32:33,528 DEBUG Main: Создание Horse, имя [Lobster], скорость [2.8]
2024-08-14 11:32:33,528 DEBUG Main: Создание Horse, имя [Pegasus], скорость [2.9]
2024-08-14 11:32:33,529 DEBUG Main: Создание Horse, имя [Cherry], скорость [3.0]
2024-08-14 11:32:33,529 DEBUG Main: Создание Hippodrome, лошадей [7]
2024-08-14 11:32:33,529 INFO  Main: Начало скачек. Количество участников: 7
2024-08-14 11:32:54,072 INFO  Main: Окончание скачек. Победитель: Cherry
2024-08-14 11:34:28,286 ERROR Main: Horses list is empty
2024-08-14 11:36:50,183 DEBUG Main: Создание Horse, имя [Bucephalus], скорость [2.4]
2024-08-14 11:36:50,185 DEBUG Main: Создание Horse, имя [Ace of Spades], скорость [2.5]
2024-08-14 11:36:50,185 DEBUG Main: Создание Horse, имя [Zephyr], скорость [2.6]
2024-08-14 11:36:50,186 DEBUG Main: Создание Horse, имя [Blaze], скорость [2.7]
2024-08-14 11:36:50,186 DEBUG Main: Создание Horse, имя [Lobster], скорость [2.8]
2024-08-14 11:36:50,186 DEBUG Main: Создание Horse, имя [Pegasus], скорость [2.9]
2024-08-14 11:36:50,186 DEBUG Main: Создание Horse, имя [Cherry], скорость [3.0]
2024-08-14 11:36:50,186 DEBUG Main: Создание Hippodrome, лошадей [7]
2024-08-14 11:36:50,186 INFO  Main: Начало скачек. Количество участников: 7
2024-08-14 11:37:10,677 INFO  Main: Окончание скачек. Победитель: Cherry
2024-08-14 11:38:51,450 DEBUG Main: Создание Horse, имя [horse], скорость [3.0]
2024-08-14 11:38:51,515 DEBUG Main: Создание Horse, имя [horse], скорость [3.0]
2024-08-14 11:38:51,520 DEBUG Main: Создание Horse, имя [horse], скорость [3.0]
2024-08-14 11:38:51,530 ERROR Main: Name is blank
2024-08-14 11:38:51,533 ERROR Main: Name is blank
2024-08-14 11:38:51,537 ERROR Main: Name is blank
2024-08-14 11:38:51,540 ERROR Main: Name is blank
